Line 197: Class MSForms.ComboBox of control List_Oc was not a loaded control class.
Line 215: Class MSForms.ComboBox of control List_p was not a loaded control class.
Line 233: Class MSForms.ComboBox of control List_BCp was not a loaded control class.
Line 251: Class MSForms.ComboBox of control List_Sex was not a loaded control class.
Line 204: The property name VariousPropertyBits in List_Oc is invalid.
Line 206: The property name DisplayStyle in List_Oc is invalid.
Line 207: The property name Size in List_Oc is invalid.
Line 208: The property name MatchEntry in List_Oc is invalid.
Line 209: The property name ShowDropButtonWhen in List_Oc is invalid.
Line 210: The property name SpecialEffect in List_Oc is invalid.
Line 211: The property name FontHeight in List_Oc is invalid.
Line 212: The property name FontCharSet in List_Oc is invalid.
Line 213: The property name FontPitchAndFamily in List_Oc is invalid.
Line 222: The property name VariousPropertyBits in List_p is invalid.
Line 224: The property name DisplayStyle in List_p is invalid.
Line 225: The property name Size in List_p is invalid.
Line 226: The property name MatchEntry in List_p is invalid.
Line 227: The property name ShowDropButtonWhen in List_p is invalid.
Line 228: The property name SpecialEffect in List_p is invalid.
Line 229: The property name FontHeight in List_p is invalid.
Line 230: The property name FontCharSet in List_p is invalid.
Line 231: The property name FontPitchAndFamily in List_p is invalid.
Line 240: The property name VariousPropertyBits in List_BCp is invalid.
Line 242: The property name DisplayStyle in List_BCp is invalid.
Line 243: The property name Size in List_BCp is invalid.
Line 244: The property name MatchEntry in List_BCp is invalid.
Line 245: The property name ShowDropButtonWhen in List_BCp is invalid.
Line 246: The property name SpecialEffect in List_BCp is invalid.
Line 247: The property name FontHeight in List_BCp is invalid.
Line 248: The property name FontCharSet in List_BCp is invalid.
Line 249: The property name FontPitchAndFamily in List_BCp is invalid.
Line 258: The property name VariousPropertyBits in List_Sex is invalid.
Line 260: The property name DisplayStyle in List_Sex is invalid.
Line 261: The property name Size in List_Sex is invalid.
Line 262: The property name MatchEntry in List_Sex is invalid.
Line 263: The property name ShowDropButtonWhen in List_Sex is invalid.
Line 264: The property name SpecialEffect in List_Sex is invalid.
Line 265: The property name FontHeight in List_Sex is invalid.
Line 266: The property name FontCharSet in List_Sex is invalid.
Line 267: The property name FontPitchAndFamily in List_Sex is invalid.
